-Xlint:warning
-1.6
-deprecation
-encoding
UTF-8
-showWeaveInfo
-source
1.6
-target
1.6
-classpath
/Users/yegor/.m2/repository/com/jcabi/jcabi-log/0.12.1/jcabi-log-0.12.1.jar:/Users/yegor/.m2/repository/org/aspectj/aspectjrt/1.8.0/aspectjrt-1.8.0.jar:/Users/yegor/.m2/repository/javax/validation/validation-api/1.1.0.Final/validation-api-1.1.0.Final.jar:/Users/yegor/.m2/repository/org/hibernate/hibernate-validator/5.0.0.Final/hibernate-validator-5.0.0.Final.jar:/Users/yegor/.m2/repository/junit/junit/4.11/junit-4.11.jar:/Users/yegor/.m2/repository/org/hamcrest/hamcrest-core/1.3/hamcrest-core-1.3.jar:/Users/yegor/.m2/repository/org/hamcrest/hamcrest-library/1.3/hamcrest-library-1.3.jar:/Users/yegor/.m2/repository/org/mockito/mockito-core/1.9.5/mockito-core-1.9.5.jar:/Users/yegor/.m2/repository/org/slf4j/slf4j-log4j12/1.7.7/slf4j-log4j12-1.7.7.jar:/Users/yegor/.m2/repository/log4j/log4j/1.2.17/log4j-1.2.17.jar:/Users/yegor/.m2/repository/org/slf4j/slf4j-api/1.7.5/slf4j-api-1.7.5.jar:/Users/yegor/.m2/repository/org/apache/commons/commons-lang3/3.3.2/commons-lang3-3.3.2.jar:/Volumes/ssd2/code/jcabi/jcabi-aspects/target/classes
-d
/Volumes/ssd2/code/jcabi/jcabi-aspects/target/classes
/Volumes/ssd2/code/jcabi/jcabi-aspects/target/filtered-sources/java/com/jcabi/aspects/Async.java
/Volumes/ssd2/code/jcabi/jcabi-aspects/target/filtered-sources/java/com/jcabi/aspects/Cacheable.java
/Volumes/ssd2/code/jcabi/jcabi-aspects/target/filtered-sources/java/com/jcabi/aspects/Immutable.java
/Volumes/ssd2/code/jcabi/jcabi-aspects/target/filtered-sources/java/com/jcabi/aspects/LogExceptions.java
/Volumes/ssd2/code/jcabi/jcabi-aspects/target/filtered-sources/java/com/jcabi/aspects/Loggable.java
/Volumes/ssd2/code/jcabi/jcabi-aspects/target/filtered-sources/java/com/jcabi/aspects/Parallel.java
/Volumes/ssd2/code/jcabi/jcabi-aspects/target/filtered-sources/java/com/jcabi/aspects/Quietly.java
/Volumes/ssd2/code/jcabi/jcabi-aspects/target/filtered-sources/java/com/jcabi/aspects/RetryOnFailure.java
/Volumes/ssd2/code/jcabi/jcabi-aspects/target/filtered-sources/java/com/jcabi/aspects/ScheduleWithFixedDelay.java
/Volumes/ssd2/code/jcabi/jcabi-aspects/target/filtered-sources/java/com/jcabi/aspects/Timeable.java
/Volumes/ssd2/code/jcabi/jcabi-aspects/target/filtered-sources/java/com/jcabi/aspects/Tv.java
/Volumes/ssd2/code/jcabi/jcabi-aspects/target/filtered-sources/java/com/jcabi/aspects/UnitedThrow.java
/Volumes/ssd2/code/jcabi/jcabi-aspects/target/filtered-sources/java/com/jcabi/aspects/aj/ExceptionsLogger.java
/Volumes/ssd2/code/jcabi/jcabi-aspects/target/filtered-sources/java/com/jcabi/aspects/aj/ImmutabilityChecker.java
/Volumes/ssd2/code/jcabi/jcabi-aspects/target/filtered-sources/java/com/jcabi/aspects/aj/JoinPointUtils.java
/Volumes/ssd2/code/jcabi/jcabi-aspects/target/filtered-sources/java/com/jcabi/aspects/aj/MethodAsyncRunner.java
/Volumes/ssd2/code/jcabi/jcabi-aspects/target/filtered-sources/java/com/jcabi/aspects/aj/MethodCacher.java
/Volumes/ssd2/code/jcabi/jcabi-aspects/target/filtered-sources/java/com/jcabi/aspects/aj/MethodInterrupter.java
/Volumes/ssd2/code/jcabi/jcabi-aspects/target/filtered-sources/java/com/jcabi/aspects/aj/MethodLogger.java
/Volumes/ssd2/code/jcabi/jcabi-aspects/target/filtered-sources/java/com/jcabi/aspects/aj/MethodScheduler.java
/Volumes/ssd2/code/jcabi/jcabi-aspects/target/filtered-sources/java/com/jcabi/aspects/aj/MethodValidator.java
/Volumes/ssd2/code/jcabi/jcabi-aspects/target/filtered-sources/java/com/jcabi/aspects/aj/Mnemos.java
/Volumes/ssd2/code/jcabi/jcabi-aspects/target/filtered-sources/java/com/jcabi/aspects/aj/NamedThreads.java
/Volumes/ssd2/code/jcabi/jcabi-aspects/target/filtered-sources/java/com/jcabi/aspects/aj/Parallelizer.java
/Volumes/ssd2/code/jcabi/jcabi-aspects/target/filtered-sources/java/com/jcabi/aspects/aj/QuietExceptionsLogger.java
/Volumes/ssd2/code/jcabi/jcabi-aspects/target/filtered-sources/java/com/jcabi/aspects/aj/Repeater.java
/Volumes/ssd2/code/jcabi/jcabi-aspects/target/filtered-sources/java/com/jcabi/aspects/aj/SingleException.java
/Volumes/ssd2/code/jcabi/jcabi-aspects/target/filtered-sources/java/com/jcabi/aspects/apt/QuietlyReturnTypeProcessor.java
